<?xml version="1.0" encoding="UTF-8"?>
<testng-results skipped="0" failed="0" total="1" passed="1">
  <reporter-output>
  </reporter-output>
  <suite name="Default suite" duration-ms="32" started-at="2016-05-24T09:03:31Z" finished-at="2016-05-24T09:03:31Z">
    <groups>
    </groups>
    <test name="Default test" duration-ms="32" started-at="2016-05-24T09:03:31Z" finished-at="2016-05-24T09:03:31Z">
      <class name="com.xyz.Test1">
        <test-method status="PASS" signature="f()[pri:0, instance:com.xyz.Test1@6276ae34]" name="f" duration-ms="0" started-at="2016-05-24T14:33:31Z" finished-at="2016-05-24T14:33:31Z">
          <reporter-output>
          </reporter-output>
        </test-method> <!-- f -->
      </class> <!-- com.xyz.Test1 -->
    </test> <!-- Default test -->
  </suite> <!-- Default suite -->
</testng-results>
